<?xml version="1.0" encoding="UTF-8"?>
<coverage generated="1675331275406" clover="3.2.0">
  <project timestamp="1675331275406" name="All files">
    <metrics statements="8" coveredstatements="8" conditionals="2" coveredconditionals="2" methods="3" coveredmethods="3" elements="13" coveredelements="13" complexity="0" loc="8" ncloc="8" packages="1" files="1" classes="1"/>
    <file name="App.js" path="/home/vatsal/Desktop/counter/src/App.js">
      <metrics statements="8" coveredstatements="8" conditionals="2" coveredconditionals="2" methods="3" coveredmethods="3"/>
      <line num="4" count="11" type="stmt"/>
      <line num="5" count="11" type="stmt"/>
      <line num="6" count="3" type="stmt"/>
      <line num="8" count="11" type="stmt"/>
      <line num="9" count="4" type="cond" truecount="2" falsecount="0"/>
      <line num="10" count="2" type="stmt"/>
      <line num="12" count="2" type="stmt"/>
      <line num="20" count="11" type="stmt"/>
    </file>
  </project>
</coverage>
